{
  "0 debug pnpm:scope": {
    "selected": 1
  },
  "1 debug pnpm:package-manifest": {
    "initial": {
      "name": "cardlock",
      "version": "1.0.0",
      "description": "Automatic linux i3lock on card removal",
      "main": "main.js",
      "scripts": {
        "test": "echo \"Error: no test specified\" && exit 1"
      },
      "author": "",
      "license": "ISC"
    },
    "prefix": "/mnt/hdd/home/doc/src/github.com/kruhlmann/cardlock"
  },
  "2 debug pnpm:context": {
    "currentLockfileExists": false,
    "storeDir": "/mnt/hdd/home/.pnpm-store/v3",
    "virtualStoreDir": "/mnt/hdd/home/doc/src/github.com/kruhlmann/cardlock/node_modules/.pnpm"
  },
  "3 debug pnpm:stage": {
    "prefix": "/mnt/hdd/home/doc/src/github.com/kruhlmann/cardlock",
    "stage": "resolution_started"
  },
  "4 debug pnpm:update-check": {
    "currentVersion": "6.25.1",
    "latestVersion": "6.28.0"
  },
  "5 debug pnpm:_dependency_resolved": {
    "resolution": "registry.npmjs.org/typescript/4.5.5",
    "wanted": {
      "dependentId": ".",
      "name": "typescript",
      "rawSpec": "latest"
    }
  },
  "6 debug pnpm:progress": {
    "packageId": "registry.npmjs.org/typescript/4.5.5",
    "requester": "/mnt/hdd/home/doc/src/github.com/kruhlmann/cardlock",
    "status": "resolved"
  },
  "7 debug pnpm:fetching-progress": {
    "attempt": 1,
    "packageId": "registry.npmjs.org/typescript/4.5.5",
    "size": 11280693,
    "status": "started"
  },
  "8 debug pnpm:fetching-progress": {
    "downloaded": 15833,
    "packageId": "registry.npmjs.org/typescript/4.5.5",
    "status": "in_progress"
  },
  "9 debug pnpm:fetching-progress": {
    "downloaded": 32148,
    "packageId": "registry.npmjs.org/typescript/4.5.5",
    "status": "in_progress"
  },
  "10 debug pnpm:fetching-progress": {
    "downloaded": 48532,
    "packageId": "registry.npmjs.org/typescript/4.5.5",
    "status": "in_progress"
  },
  "11 debug pnpm:fetching-progress": {
    "downloaded": 64916,
    "packageId": "registry.npmjs.org/typescript/4.5.5",
    "status": "in_progress"
  },
  "12 debug pnpm:fetching-progress": {
    "downloaded": 81300,
    "packageId": "registry.npmjs.org/typescript/4.5.5",
    "status": "in_progress"
  },
  "13 debug pnpm:fetching-progress": {
    "downloaded": 97684,
    "packageId": "registry.npmjs.org/typescript/4.5.5",
    "status": "in_progress"
  },
  "14 debug pnpm:fetching-progress": {
    "downloaded": 114068,
    "packageId": "registry.npmjs.org/typescript/4.5.5",
    "status": "in_progress"
  },
  "15 debug pnpm:fetching-progress": {
    "downloaded": 130452,
    "packageId": "registry.npmjs.org/typescript/4.5.5",
    "status": "in_progress"
  },
  "16 debug pnpm:fetching-progress": {
    "downloaded": 146836,
    "packageId": "registry.npmjs.org/typescript/4.5.5",
    "status": "in_progress"
  },
  "17 debug pnpm:fetching-progress": {
    "downloaded": 163220,
    "packageId": "registry.npmjs.org/typescript/4.5.5",
    "status": "in_progress"
  },
  "18 debug pnpm:fetching-progress": {
    "downloaded": 179604,
    "packageId": "registry.npmjs.org/typescript/4.5.5",
    "status": "in_progress"
  },
  "19 debug pnpm:fetching-progress": {
    "downloaded": 195988,
    "packageId": "registry.npmjs.org/typescript/4.5.5",
    "status": "in_progress"
  },
  "20 debug pnpm:fetching-progress": {
    "downloaded": 212372,
    "packageId": "registry.npmjs.org/typescript/4.5.5",
    "status": "in_progress"
  },
  "21 debug pnpm:fetching-progress": {
    "downloaded": 228756,
    "packageId": "registry.npmjs.org/typescript/4.5.5",
    "status": "in_progress"
  },
  "22 debug pnpm:fetching-progress": {
    "downloaded": 245140,
    "packageId": "registry.npmjs.org/typescript/4.5.5",
    "status": "in_progress"
  },
  "23 debug pnpm:fetching-progress": {
    "downloaded": 261524,
    "packageId": "registry.npmjs.org/typescript/4.5.5",
    "status": "in_progress"
  },
  "24 debug pnpm:fetching-progress": {
    "downloaded": 277908,
    "packageId": "registry.npmjs.org/typescript/4.5.5",
    "status": "in_progress"
  },
  "25 debug pnpm:fetching-progress": {
    "downloaded": 294292,
    "packageId": "registry.npmjs.org/typescript/4.5.5",
    "status": "in_progress"
  },
  "26 debug pnpm:fetching-progress": {
    "downloaded": 310676,
    "packageId": "registry.npmjs.org/typescript/4.5.5",
    "status": "in_progress"
  },
  "27 debug pnpm:fetching-progress": {
    "downloaded": 327060,
    "packageId": "registry.npmjs.org/typescript/4.5.5",
    "status": "in_progress"
  },
  "28 debug pnpm:fetching-progress": {
    "downloaded": 343444,
    "packageId": "registry.npmjs.org/typescript/4.5.5",
    "status": "in_progress"
  },
  "29 debug pnpm:fetching-progress": {
    "downloaded": 359828,
    "packageId": "registry.npmjs.org/typescript/4.5.5",
    "status": "in_progress"
  },
  "30 debug pnpm:fetching-progress": {
    "downloaded": 376212,
    "packageId": "registry.npmjs.org/typescript/4.5.5",
    "status": "in_progress"
  },
  "31 debug pnpm:fetching-progress": {
    "downloaded": 392596,
    "packageId": "registry.npmjs.org/typescript/4.5.5",
    "status": "in_progress"
  },
  "32 debug pnpm:fetching-progress": {
    "downloaded": 408980,
    "packageId": "registry.npmjs.org/typescript/4.5.5",
    "status": "in_progress"
  },
  "33 debug pnpm:fetching-progress": {
    "downloaded": 425364,
    "packageId": "registry.npmjs.org/typescript/4.5.5",
    "status": "in_progress"
  },
  "34 debug pnpm:fetching-progress": {
    "downloaded": 441748,
    "packageId": "registry.npmjs.org/typescript/4.5.5",
    "status": "in_progress"
  },
  "35 debug pnpm:fetching-progress": {
    "downloaded": 457013,
    "packageId": "registry.npmjs.org/typescript/4.5.5",
    "status": "in_progress"
  },
  "36 debug pnpm:fetching-progress": {
    "downloaded": 473397,
    "packageId": "registry.npmjs.org/typescript/4.5.5",
    "status": "in_progress"
  },
  "37 debug pnpm:fetching-progress": {
    "downloaded": 489781,
    "packageId": "registry.npmjs.org/typescript/4.5.5",
    "status": "in_progress"
  },
  "38 debug pnpm:fetching-progress": {
    "downloaded": 506165,
    "packageId": "registry.npmjs.org/typescript/4.5.5",
    "status": "in_progress"
  },
  "39 debug pnpm:fetching-progress": {
    "downloaded": 522549,
    "packageId": "registry.npmjs.org/typescript/4.5.5",
    "status": "in_progress"
  },
  "40 debug pnpm:fetching-progress": {
    "downloaded": 538933,
    "packageId": "registry.npmjs.org/typescript/4.5.5",
    "status": "in_progress"
  },
  "41 debug pnpm:fetching-progress": {
    "downloaded": 555317,
    "packageId": "registry.npmjs.org/typescript/4.5.5",
    "status": "in_progress"
  },
  "42 debug pnpm:fetching-progress": {
    "downloaded": 571701,
    "packageId": "registry.npmjs.org/typescript/4.5.5",
    "status": "in_progress"
  },
  "43 debug pnpm:fetching-progress": {
    "downloaded": 588085,
    "packageId": "registry.npmjs.org/typescript/4.5.5",
    "status": "in_progress"
  },
  "44 debug pnpm:fetching-progress": {
    "downloaded": 604469,
    "packageId": "registry.npmjs.org/typescript/4.5.5",
    "status": "in_progress"
  },
  "45 debug pnpm:fetching-progress": {
    "downloaded": 620853,
    "packageId": "registry.npmjs.org/typescript/4.5.5",
    "status": "in_progress"
  },
  "46 debug pnpm:fetching-progress": {
    "downloaded": 637237,
    "packageId": "registry.npmjs.org/typescript/4.5.5",
    "status": "in_progress"
  },
  "47 debug pnpm:fetching-progress": {
    "downloaded": 653621,
    "packageId": "registry.npmjs.org/typescript/4.5.5",
    "status": "in_progress"
  },
  "48 debug pnpm:fetching-progress": {
    "downloaded": 670005,
    "packageId": "registry.npmjs.org/typescript/4.5.5",
    "status": "in_progress"
  },
  "49 debug pnpm:fetching-progress": {
    "downloaded": 686389,
    "packageId": "registry.npmjs.org/typescript/4.5.5",
    "status": "in_progress"
  },
  "50 debug pnpm:fetching-progress": {
    "downloaded": 702773,
    "packageId": "registry.npmjs.org/typescript/4.5.5",
    "status": "in_progress"
  },
  "51 debug pnpm:fetching-progress": {
    "downloaded": 719157,
    "packageId": "registry.npmjs.org/typescript/4.5.5",
    "status": "in_progress"
  },
  "52 debug pnpm:fetching-progress": {
    "downloaded": 735541,
    "packageId": "registry.npmjs.org/typescript/4.5.5",
    "status": "in_progress"
  },
  "53 debug pnpm:fetching-progress": {
    "downloaded": 751925,
    "packageId": "registry.npmjs.org/typescript/4.5.5",
    "status": "in_progress"
  },
  "54 debug pnpm:fetching-progress": {
    "downloaded": 768309,
    "packageId": "registry.npmjs.org/typescript/4.5.5",
    "status": "in_progress"
  },
  "55 debug pnpm:fetching-progress": {
    "downloaded": 784693,
    "packageId": "registry.npmjs.org/typescript/4.5.5",
    "status": "in_progress"
  },
  "56 debug pnpm:fetching-progress": {
    "downloaded": 801077,
    "packageId": "registry.npmjs.org/typescript/4.5.5",
    "status": "in_progress"
  },
  "57 debug pnpm:fetching-progress": {
    "downloaded": 817461,
    "packageId": "registry.npmjs.org/typescript/4.5.5",
    "status": "in_progress"
  },
  "58 debug pnpm:fetching-progress": {
    "downloaded": 833845,
    "packageId": "registry.npmjs.org/typescript/4.5.5",
    "status": "in_progress"
  },
  "59 debug pnpm:_dependency_resolved": {
    "resolution": "registry.npmjs.org/smartcard/1.0.46",
    "wanted": {
      "dependentId": ".",
      "name": "smartcard",
      "rawSpec": "latest"
    }
  },
  "60 debug pnpm:progress": {
    "packageId": "registry.npmjs.org/smartcard/1.0.46",
    "requester": "/mnt/hdd/home/doc/src/github.com/kruhlmann/cardlock",
    "status": "resolved"
  },
  "61 error pnpm": {
    "code": "ERR_PNPM_FETCH_404",
    "hint": "@types/smartcard is not in the npm registry, or you have no permission to fetch it.\n\nNo authorization header was set for the request.",
    "request": {
      "url": "https://registry.npmjs.org/@types%2Fsmartcard"
    },
    "response": {
      "size": 0
    },
    "pkgName": "@types/smartcard",
    "pkgsStack": [],
    "err": {
      "name": "pnpm",
      "message": "GET https://registry.npmjs.org/@types%2Fsmartcard: Not Found - 404",
      "code": "ERR_PNPM_FETCH_404",
      "stack": "pnpm: GET https://registry.npmjs.org/@types%2Fsmartcard: Not Found - 404\n    at RetryOperation._fn (/usr/lib/node_modules/pnpm/dist/pnpm.cjs:85453:19)\n    at processTicksAndRejections (internal/process/task_queues.js:95:5)"
    }
  }
}